{"level":"info","message":"Calculated price for reservation 13 with 16 seats: 250","timestamp":"2025-03-17 18:47:12"}
{"level":"error","message":"Error creating payment record:","timestamp":"2025-03-17 18:47:12"}
{"level":"error","message":"Error initializing payment:","timestamp":"2025-03-17 18:47:12"}
{"level":"info","message":"Calculated price for reservation 13 with 16 seats: 250","timestamp":"2025-03-17 18:51:28"}
{"level":"error","message":"Error creating payment record:","timestamp":"2025-03-17 18:51:28"}
{"level":"error","message":"Error initializing payment:","timestamp":"2025-03-17 18:51:28"}
{"level":"info","message":"Calculated price for reservation 13 with 16 seats: 250","timestamp":"2025-03-17 18:52:11"}
{"level":"error","message":"Error creating payment record:","timestamp":"2025-03-17 18:52:11"}
{"level":"error","message":"Error initializing payment:","timestamp":"2025-03-17 18:52:11"}
{"level":"info","message":"Calculated price for reservation 13 with 16 seats: 250","timestamp":"2025-03-17 18:52:16"}
{"level":"error","message":"Error creating payment record:","timestamp":"2025-03-17 18:52:16"}
{"level":"error","message":"Error initializing payment:","timestamp":"2025-03-17 18:52:16"}
{"level":"info","message":"Calculated price for reservation 13 with 16 seats: 250","timestamp":"2025-03-17 18:55:30"}
{"error":{},"level":"error","message":"Error creating notification: Notification type must be one of: New Reservation, Cancelled, Reminder, Promotional, Other","timestamp":"2025-03-17 18:56:24"}
{"level":"error","message":"Error sending notification to user 86b0fb25-e1f7-41a1-8338-fee52ca2669d: Notification type must be one of: New Reservation, Cancelled, Reminder, Promotional, Other","timestamp":"2025-03-17 18:56:24"}
{"level":"info","message":"Calculated price for reservation 13 with 16 seats: 250","timestamp":"2025-03-17 19:02:15"}
{"error":{},"level":"error","message":"Error creating notification: Notification type must be one of: New Reservation, Cancelled, Reminder, Promotional, Other","timestamp":"2025-03-17 19:02:34"}
{"level":"error","message":"Error sending notification to user 86b0fb25-e1f7-41a1-8338-fee52ca2669d: Notification type must be one of: New Reservation, Cancelled, Reminder, Promotional, Other","timestamp":"2025-03-17 19:02:34"}
{"level":"info","message":"Calculated price for reservation 13 with 16 seats: 250","timestamp":"2025-03-17 19:11:27"}
{"level":"info","message":"No device tokens found for customer 86b0fb25-e1f7-41a1-8338-fee52ca2669d","timestamp":"2025-03-17 19:11:39"}
{"level":"info","message":"Notification sent to user 86b0fb25-e1f7-41a1-8338-fee52ca2669d: Payment Confirmed","timestamp":"2025-03-17 19:11:39"}
